<?xml version="1.0" encoding="UTF-8" ?><root><item><csv_metadata_update_jobs><item>7446df05-c1b5-44f4-bf70-41e602ca1f4d</item><item>6eef2d27-dc36-4470-b461-820ae199b835</item></csv_metadata_update_jobs><genre><item><facet>http://vocab.getty.edu/aat/300435283||stencil prints</facet><id>http://vocab.getty.edu/aat/300435283</id><label>stencil prints</label><variants></variants></item><item><facet>http://id.worldcat.org/fast/872484||Computer security</facet><id>http://id.worldcat.org/fast/872484</id><label>Computer security</label><variants></variants></item></genre><cultural_context><item>Test Context</item></cultural_context><physical_description_size><item>16 x 24 inches</item></physical_description_size><library_unit>University (MAIN) Library</library_unit><physical_description_material><item>Acrylic paint on cement block</item></physical_description_material><rights_holder><item>Artist</item></rights_holder><collection><description>A private collection for Meadow test records</description><id>820fc328-a333-430b-a974-ac6218a1ffcd</id><title>TEST Canary Records</title></collection><source><item>Mars</item></source><catalog_key><item>MS-1984-1982-1989</item></catalog_key><table_of_contents><item>1. cats; 2. dogs</item></table_of_contents><legacy_identifier><item>555</item></legacy_identifier><api_model>Work</api_model><folder_name><item>Blue folder</item></folder_name><create_date>2022-08-02T18:52:26.627833Z</create_date><date_created><item>1667 or December 1760</item><item>circa June 11, 2004?</item><item>circa June 1, 2004? to circa June 20, 2004?</item><item>circa 2494 BCE to circa 2345 BCE</item><item>2003 to 2006</item><item>1950</item></date_created><accession_number>TEST_canary_001</accession_number><rights_statement><id>http://rightsstatements.org/vocab/InC-EDU/1.0/</id><label>In Copyright - Educational Use Permitted</label></rights_statement><notes><item><note>Here are some notes</note><type>General Note</type></item><item><note>Awards type</note><type>Awards</type></item><item><note>Biographical note</note><type>Biographical/Historical Note</type></item><item><note>creation production credits</note><type>Creation/Production Credits</type></item><item><note>Language note</note><type>Language Note</type></item><item><note>Local Note</note><type>Local Note</type></item><item><note>Performers</note><type>Performers</type></item><item><note>Statement of Responsibility</note><type>Statement of Responsibility</type></item><item><note>Venue/event date</note><type>Venue/Event Date</type></item></notes><caption><item>Beebo</item></caption><related_url><item><label>Finding Aid</label><url>https://findingaids.library.northwestern.edu/</url></item><item><label>Research Guide</label><url>https://www.wbez.org/</url></item><item><label>Related Information</label><url>https://www.nationalgeographic.com/animals/mammals/facts/squirrels</url></item><item><label>Hathi Trust Digital Library</label><url>https://www.hathitrust.org/</url></item></related_url><series><item>Canaries and How to Care for Them</item></series><work_type>Audio</work_type><published>true</published><technique><item><facet>http://vocab.getty.edu/aat/300053228||drypoint (printing process)</facet><id>http://vocab.getty.edu/aat/300053228</id><label>drypoint (printing process)</label><variants></variants></item></technique><box_number><item>88</item></box_number><alternate_title><item>This is an alternative title</item><item>another alternative title</item></alternate_title><related_material><item>See Also: related material</item></related_material><title>Canary Record TEST 1</title><preservation_level>Level 1</preservation_level><iiif_manifest>https://api.dc.library.northwestern.edu/api/v2/works/3755fcb5-dfdf-48dc-9574-cdff93f4f7ba?as=iiif</iiif_manifest><ingest_sheet><id>3999f185-ec7a-4cd9-a219-02aa4cb54ceb</id><title>TEST_CanaryRecords_prod.csv</title></ingest_sheet><terms_of_use>Terms </terms_of_use><license></license><identifier><item>555</item></identifier><box_name><item>The name of a box</item></box_name><language><item><facet>http://id.loc.gov/vocabulary/languages/crh||Crimean Tatar</facet><id>http://id.loc.gov/vocabulary/languages/crh</id><label>Crimean Tatar</label><variants></variants></item></language><visibility>Institution</visibility><location><item><facet>https://sws.geonames.org/4999069/||Leland Township</facet><id>https://sws.geonames.org/4999069/</id><label>Leland Township</label><variants></variants></item></location><modified_date>2023-02-24T14:31:00.554483Z</modified_date><api_link>https://api.dc.library.northwestern.edu/api/v2/works/3755fcb5-dfdf-48dc-9574-cdff93f4f7ba</api_link><project><cycle>2022</cycle><desc></desc><manager>Nicole Finzer</manager><name>Canary Project t</name><proposer>Carolyn Caizzi</proposer><task_number>P0000</task_number></project><ark>ark:/81985/n21v5f50t</ark><style_period><item><facet>http://vocab.getty.edu/aat/300018478||Qing (dynastic styles and periods)</facet><id>http://vocab.getty.edu/aat/300018478</id><label>Qing (dynastic styles and periods)</label><variants></variants></item></style_period><keywords><item>leaves</item></keywords><scope_and_contents><item>I promise there is scope and content</item></scope_and_contents><id>3755fcb5-dfdf-48dc-9574-cdff93f4f7ba</id><ingest_project><id>e98ca38d-7677-43f8-bc30-f36f92eded0a</id><title>golive_smoketest</title></ingest_project><subject><item><facet>http://id.worldcat.org/fast/1902713|TOPICAL|Cats on postage stamps (Topical)</facet><id>http://id.worldcat.org/fast/1902713</id><label>Cats on postage stamps</label><label_with_role>Cats on postage stamps (Topical)</label_with_role><role>Topical</role><variants></variants></item><item><facet>info:nul/6cba23b5-a91a-4c13-8398-54967b329d48|TOPICAL|Test Record Canary (Topical)</facet><id>info:nul/6cba23b5-a91a-4c13-8398-54967b329d48</id><label>Test Record Canary</label><label_with_role>Test Record Canary (Topical)</label_with_role><role>Topical</role><variants></variants></item><item><facet>http://vocab.getty.edu/tgn/2000971|GEOGRAPHICAL|Leelanau (Geographical)</facet><id>http://vocab.getty.edu/tgn/2000971</id><label>Leelanau</label><label_with_role>Leelanau (Geographical)</label_with_role><role>Geographical</role><variants></variants></item><item><facet>http://id.worldcat.org/fast/1204587|GEOGRAPHICAL|Michigan--Ann Arbor (Geographical)</facet><id>http://id.worldcat.org/fast/1204587</id><label>Michigan--Ann Arbor</label><label_with_role>Michigan--Ann Arbor (Geographical)</label_with_role><role>Geographical</role><variants></variants></item></subject><indexed_at>2023-02-24T14:33:12.102119</indexed_at><status>Done</status><creator><item><facet>http://id.loc.gov/authorities/names/no2011059409||Dessa (Vocalist)</facet><id>http://id.loc.gov/authorities/names/no2011059409</id><label>Dessa (Vocalist)</label><variants><item>Dessa, 1981-</item><item>Wander, Dessa, 1981-</item><item>Dessa Darling</item><item>Wander, Margret</item></variants></item><item><facet>http://id.worldcat.org/fast/1152763||Tornadoes</facet><id>http://id.worldcat.org/fast/1152763</id><label>Tornadoes</label><variants></variants></item></creator><file_sets><item><accession_number>TEST_canary_001_004</accession_number><duration>2112.313</duration><height></height><id>30a74efb-5a05-48ae-8f34-67bed5bb8efa</id><label>access mp3</label><mime_type>audio/mpeg</mime_type><original_filename>inu-percussion_t250v179_v01s01_ac.mp3</original_filename><poster_offset></poster_offset><rank>0</rank><representative_image_url></representative_image_url><role>Access</role><streaming_url>https://meadow-streaming.rdc.library.northwestern.edu/30/a7/4e/fb/-5/a0/5-/48/ae/-8/f3/4-/67/be/d5/bb/8e/fa/30a74efb-5a05-48ae-8f34-67bed5bb8efa.m3u8</streaming_url><webvtt></webvtt><width></width></item><item><accession_number>TEST_canary_001_005</accession_number><duration>2112.268</duration><height></height><id>d00b0c37-9de9-4348-8e0d-5483901af632</id><label>access wav</label><mime_type>audio/vnd.wave</mime_type><original_filename>inu-percussion_t250v179_v01s01_am.wav</original_filename><poster_offset></poster_offset><rank>1073741824</rank><representative_image_url></representative_image_url><role>Access</role><streaming_url>https://meadow-streaming.rdc.library.northwestern.edu/d0/0b/0c/37/-9/de/9-/43/48/-8/e0/d-/54/83/90/1a/f6/32/d00b0c37-9de9-4348-8e0d-5483901af632.m3u8</streaming_url><webvtt></webvtt><width></width></item><item><accession_number>TEST_canary_001_001</accession_number><duration>13.747</duration><height></height><id>fd212b1a-282b-48c7-963f-74a68aa15a70</id><label>preservation aif</label><mime_type>audio/aiff</mime_type><original_filename>libstaff-podcast-end.aif</original_filename><poster_offset></poster_offset><rank>0</rank><representative_image_url></representative_image_url><role>Preservation</role><streaming_url></streaming_url><webvtt></webvtt><width></width></item><item><accession_number>TEST_canary_001_003</accession_number><duration>1860.393</duration><height></height><id>43f205b2-ee9b-45e5-a0e2-8aa1d3db6b92</id><label>preservation flac</label><mime_type>audio/x-flac</mime_type><original_filename>inu-asher_am_10a-b.flac</original_filename><poster_offset></poster_offset><rank>1073741824</rank><representative_image_url></representative_image_url><role>Preservation</role><streaming_url></streaming_url><webvtt></webvtt><width></width></item><item><accession_number>CANARY_1_SUPPLEMENTAL_TXT</accession_number><duration></duration><height></height><id>e37f3656-60a0-44af-b698-8cde767f4a9c</id><label>Supplemental Text File for Canary Record</label><mime_type>text/plain</mime_type><original_filename>supplemental_metadata.txt</original_filename><poster_offset></poster_offset><rank>0</rank><representative_image_url></representative_image_url><role>Supplemental</role><streaming_url></streaming_url><webvtt></webvtt><width></width></item><item><accession_number>TEST_canary_001_002</accession_number><duration></duration><height>392</height><id>6b023160-21a9-4d61-bbf4-b10b57fb4d26</id><label>auxiliary jpg</label><mime_type>image/jpeg</mime_type><original_filename>audiocassetimage.jpg</original_filename><poster_offset></poster_offset><rank>0</rank><representative_image_url>https://iiif.dc.library.northwestern.edu/iiif/2/6b023160-21a9-4d61-bbf4-b10b57fb4d26</representative_image_url><role>Auxiliary</role><streaming_url></streaming_url><webvtt></webvtt><width>612</width></item></file_sets><description><item>This is a private record for RepoDev testing on production</item><item>Test</item></description><representative_file_set><aspect_ratio>1.56122</aspect_ratio><id>6b023160-21a9-4d61-bbf4-b10b57fb4d26</id><url>https://iiif.dc.library.northwestern.edu/iiif/2/6b023160-21a9-4d61-bbf4-b10b57fb4d26</url></representative_file_set><batch_ids><item>59c46d06-a2be-4b25-9dc5-ceb1671bf1b8</item><item>20ebb42e-93a5-4e47-bfcb-f3491f319b48</item><item>512ae70f-13db-46cb-ad5b-bd768302d919</item></batch_ids><provenance><item>Artist; sold to Mr. Blank in 1955; sold to Lancelot in 2017; gifted to Northwestern University in 2019</item></provenance><folder_number><item>88</item></folder_number><thumbnail>https://api.dc.library.northwestern.edu/api/v2/works/3755fcb5-dfdf-48dc-9574-cdff93f4f7ba/thumbnail</thumbnail><abstract><item>Updated description!!!</item></abstract><canonical_link>https://dc.library.northwestern.edu/items/3755fcb5-dfdf-48dc-9574-cdff93f4f7ba</canonical_link><contributor><item><facet>http://id.loc.gov/authorities/names/n91114928|ctg|Metallica (Musical group) (Cartographer)</facet><id>http://id.loc.gov/authorities/names/n91114928</id><label>Metallica (Musical group)</label><label_with_role>Metallica (Musical group) (Cartographer)</label_with_role><role>Cartographer</role><variants></variants></item><item><facet>http://id.worldcat.org/fast/1717972|act|Schober, Franz von, 1796-1882 (Actor)</facet><id>http://id.worldcat.org/fast/1717972</id><label>Schober, Franz von, 1796-1882</label><label_with_role>Schober, Franz von, 1796-1882 (Actor)</label_with_role><role>Actor</role><variants></variants></item></contributor><publisher><item>Northwestern University Press</item></publisher></item></root>